2026-04-03 20:18:30 0 [Note] Starting MariaDB 10.11.16-MariaDB source revision 3218602d3100db9ce7a875511a591cddc173cc16 server_uid FQHEtVav7fV/RD4ezl6bHapeqGk= as process 42323
2026-04-03 20:18:30 0 [Note] InnoDB: Compressed tables use zlib 1.3.1.zlib-ng
2026-04-03 20:18:30 0 [Note] InnoDB: Number of transaction pools: 1
2026-04-03 20:18:30 0 [Note] InnoDB: Using crc32 + pclmulqdq instructions
2026-04-03 20:18:30 0 [Note] InnoDB: Using Linux native AIO
2026-04-03 20:18:30 0 [Note] InnoDB: innodb_buffer_pool_size_max=128m, innodb_buffer_pool_size=128m
2026-04-03 20:18:30 0 [Note] InnoDB: Initialized memory pressure event listener
2026-04-03 20:18:30 0 [Note] InnoDB: Completed initialization of buffer pool
2026-04-03 20:18:30 0 [Note] InnoDB: Buffered log writes (block size=512 bytes)
2026-04-03 20:18:30 0 [Note] InnoDB: End of log at LSN=44602
2026-04-03 20:18:30 0 [Note] InnoDB: 128 rollback segments are active.
2026-04-03 20:18:30 0 [Note] InnoDB: Setting file './ibtmp1' size to 12.000MiB. Physically writing the file full; Please wait ...
2026-04-03 20:18:30 0 [Note] InnoDB: File './ibtmp1' size is now 12.000MiB.
2026-04-03 20:18:30 0 [Note] InnoDB: log sequence number 44602; transaction id 14
2026-04-03 20:18:30 0 [Note] Plugin 'FEEDBACK' is disabled.
2026-04-03 20:18:30 0 [Note] InnoDB: Loading buffer pool(s) from /home/navadeep/Documents/Projects/PlacementLink/.localdb/ib_buffer_pool
2026-04-03 20:18:30 0 [Note] Server socket created on IP: '127.0.0.1', port: '3306'.
2026-04-03 20:18:30 0 [Note] InnoDB: Buffer pool(s) load completed at 260403 20:18:30
2026-04-03 20:18:30 0 [ERROR] Can't start server: Bind on TCP/IP port. Got error: 98: Address already in use
2026-04-03 20:18:30 0 [ERROR] Do you already have another server running on port: 3306 ?
2026-04-03 20:18:30 0 [ERROR] Aborting
